{
  "stats": {
    "suites": 65,
    "tests": 105,
    "passes": 105,
    "pending": 0,
    "failures": 0,
    "start": "2016-02-02T02:46:36.089Z",
    "end": "2016-02-02T02:46:39.060Z"
  },
  "coverage": {
    "total": {
      "statementsTotal": 113,
      "statementsCovered": 113,
      "percentage": 100
    },
    "files": [
      {
        "name": "ember-remodal/mixins/er-button",
        "statementsTotal": 12,
        "statementsCovered": 12,
        "percentage": 100
      },
      {
        "name": "ember-remodal/components/ember-remodal",
        "statementsTotal": 63,
        "statementsCovered": 63,
        "percentage": 100
      },
      {
        "name": "ember-remodal/services/remodal",
        "statementsTotal": 20,
        "statementsCovered": 20,
        "percentage": 100
      },
      {
        "name": "ember-remodal/components/er-open-button",
        "statementsTotal": 8,
        "statementsCovered": 8,
        "percentage": 100
      },
      {
        "name": "ember-remodal/components/er-cancel-button",
        "statementsTotal": 5,
        "statementsCovered": 5,
        "percentage": 100
      },
      {
        "name": "ember-remodal/components/er-confirm-button",
        "statementsTotal": 5,
        "statementsCovered": 5,
        "percentage": 100
      }
    ]
  }
}